<?xml version="1.0" encoding="UTF-8"?>
<!-- Generated by org.testng.reporters.JUnitReportReporter -->
<testsuite hostname="DESKTOP-RJ5O4JI" failures="0" tests="1" name="listenerPackage.Factors" time="4.811" errors="0" timestamp="2023-02-09T10:50:45 EST" skipped="0">
  <testcase classname="listenerPackage.Factors" name="factorCalculation" time="4.811"/>
  <system-out/>
</testsuite> <!-- listenerPackage.Factors -->
