<?xml version="1.0" encoding="UTF-8"?>
<!-- Generated by org.testng.reporters.JUnitReportReporter -->
<testsuite hostname="DESKTOP-RJ5O4JI" failures="0" tests="2" name="runner.Runner" time="28.241" errors="0" timestamp="2023-02-22T18:24:48 EST" skipped="0">
  <testcase classname="runner.Runner" name="runScenario" time="18.164"/>
  <system-out/>
  <testcase classname="runner.Runner" name="runScenario" time="10.077"/>
  <system-out/>
</testsuite> <!-- runner.Runner -->
